<?xml version="1.0" encoding="UTF-8"?>
<testsuite name="HelloWorldTest" tests="1" skipped="0" failures="0" errors="0" timestamp="2022-03-05T11:27:45" hostname="Baraths-MacBook-Air.local" time="0.086">
  <properties/>
  <testcase name="testThatHelloWorldReturnsTheCorrectGreeting" classname="HelloWorldTest" time="0.086"/>
  <system-out><![CDATA[]]></system-out>
  <system-err><![CDATA[]]></system-err>
</testsuite>
